2025-03-13 08:36:27 - Failed to log event in Windows Event Log: Starting D:\Code\nvm\nodejs\node.exe  --harmony --max_old_space_size=4096 D:\Code\coding\edu-platform\server\node_modules\node-windows\lib\wrapper.js --file D:\Code\coding\edu-platform\server\app.js --scriptoptions= --log "EduPlatform-Backend wrapper" --grow 0.25 --wait 1 --maxrestarts 3 --abortonerror n --stopparentfirst undefined; Reason: 
Message:无法打开源“eduplatformbackend.exe”的日志。您可能不具有写访问权。
Stacktrace:   在 System.Diagnostics.EventLogInternal.OpenForWrite(String currentMachineName)
   在 System.Diagnostics.EventLogInternal.InternalWriteEvent(UInt32 eventID, UInt16 category, EventLogEntryType type, String[] strings, Byte[] rawData, String currentMachineName)
   在 System.Diagnostics.EventLogInternal.WriteEntry(String message, EventLogEntryType type, Int32 eventID, Int16 category, Byte[] rawData)
   在 System.Diagnostics.EventLog.WriteEntry(String message)
   在 winsw.WrapperService.LogEvent(String message)
2025-03-13 08:36:27 - Starting D:\Code\nvm\nodejs\node.exe  --harmony --max_old_space_size=4096 D:\Code\coding\edu-platform\server\node_modules\node-windows\lib\wrapper.js --file D:\Code\coding\edu-platform\server\app.js --scriptoptions= --log "EduPlatform-Backend wrapper" --grow 0.25 --wait 1 --maxrestarts 3 --abortonerror n --stopparentfirst undefined
2025-03-13 08:36:27 - Started 9200
2025-03-14 12:10:45 - Starting D:\Code\nvm\nodejs\node.exe  --harmony --max_old_space_size=4096 D:\Code\coding\edu-platform\server\node_modules\node-windows\lib\wrapper.js --file D:\Code\coding\edu-platform\server\app.js --scriptoptions= --log "EduPlatform-Backend wrapper" --grow 0.25 --wait 1 --maxrestarts 3 --abortonerror n --stopparentfirst undefined
2025-03-14 12:10:45 - Started 7760
2025-03-15 10:18:09 - Starting D:\Code\nvm\nodejs\node.exe  --harmony --max_old_space_size=4096 D:\Code\coding\edu-platform\server\node_modules\node-windows\lib\wrapper.js --file D:\Code\coding\edu-platform\server\app.js --scriptoptions= --log "EduPlatform-Backend wrapper" --grow 0.25 --wait 1 --maxrestarts 3 --abortonerror n --stopparentfirst undefined
2025-03-15 10:18:09 - Started 6204
2025-03-16 10:15:38 - Starting D:\Code\nvm\nodejs\node.exe  --harmony --max_old_space_size=4096 D:\Code\coding\edu-platform\server\node_modules\node-windows\lib\wrapper.js --file D:\Code\coding\edu-platform\server\app.js --scriptoptions= --log "EduPlatform-Backend wrapper" --grow 0.25 --wait 1 --maxrestarts 3 --abortonerror n --stopparentfirst undefined
2025-03-16 10:15:38 - Started 7860
2025-03-17 14:48:51 - Starting D:\Code\nvm\nodejs\node.exe  --harmony --max_old_space_size=4096 D:\Code\coding\edu-platform\server\node_modules\node-windows\lib\wrapper.js --file D:\Code\coding\edu-platform\server\app.js --scriptoptions= --log "EduPlatform-Backend wrapper" --grow 0.25 --wait 1 --maxrestarts 3 --abortonerror n --stopparentfirst undefined
2025-03-17 14:48:51 - Started 7672
2025-03-18 10:11:10 - Starting D:\Code\nvm\nodejs\node.exe  --harmony --max_old_space_size=4096 D:\Code\coding\edu-platform\server\node_modules\node-windows\lib\wrapper.js --file D:\Code\coding\edu-platform\server\app.js --scriptoptions= --log "EduPlatform-Backend wrapper" --grow 0.25 --wait 1 --maxrestarts 3 --abortonerror n --stopparentfirst undefined
2025-03-18 10:11:10 - Started 7516
2025-03-19 08:47:19 - Starting D:\Code\nvm\nodejs\node.exe  --harmony --max_old_space_size=4096 D:\Code\coding\edu-platform\server\node_modules\node-windows\lib\wrapper.js --file D:\Code\coding\edu-platform\server\app.js --scriptoptions= --log "EduPlatform-Backend wrapper" --grow 0.25 --wait 1 --maxrestarts 3 --abortonerror n --stopparentfirst undefined
2025-03-19 08:47:20 - Started 7480
2025-03-19 13:56:34 - Starting D:\Code\nvm\nodejs\node.exe  --harmony --max_old_space_size=4096 D:\Code\coding\edu-platform\server\node_modules\node-windows\lib\wrapper.js --file D:\Code\coding\edu-platform\server\app.js --scriptoptions= --log "EduPlatform-Backend wrapper" --grow 0.25 --wait 1 --maxrestarts 3 --abortonerror n --stopparentfirst undefined
2025-03-19 13:56:34 - Started 7380
